Date/Time:       2025-02-10 22:49:35 
Command line:    /home/dunossauro/.local/bin/briefcase run

OS Release:      Linux 6.12.10-arch1-1
OS Version:      #1 SMP PREEMPT_DYNAMIC Sat, 18 Jan 2025 02:26:57 +0000
Architecture:    x86_64
Platform:        Linux-6.12.10-arch1-1-x86_64-with-glibc2.40

Python exe:      /home/dunossauro/.local/share/pipx/venvs/briefcase/bin/python
Python version:  3.13.1 (main, Dec  4 2024, 21:33:31) [GCC 14.2.1 20240910]
Virtual env:     True
Conda env:       False

Briefcase:       0.3.22
Target platform: linux
Target format:   system

Environment Variables:
	BASH_IT=/home/dunossauro/.bash_it
	BASH_IT_THEME=bobby-python
	BROWSER=firefox
	CLICOLOR=256
	CUDA_PATH=/opt/cuda
	DBUS_SESSION_BUS_ADDRESS=unix:path=/run/user/1000/bus
	DEBUGINFOD_URLS=https://debuginfod.archlinux.org 
	DESKTOP_SESSION=i3
	DESKTOP_STARTUP_ID=i3/rofi/2460-10-melville_TIME2345626
	DISPLAY=:0
	EDITOR=nano
	EMACS_VTERM_PATH=/home/dunossauro/.emacs.d/elpa/vterm-20241218.331/
	GDMSESSION=i3
	GDM_LANG=en_US.UTF-8
	GITDIR=/home/dunossauro/git
	GOOGLE_API_KEY=********************
	GTK3_MODULES=xapp-gtk3-module
	GTK_MODULES=canberra-gtk-module
	HOME=/home/dunossauro
	I3SOCK=/run/user/1000/i3/ipc-socket.2460
	INSIDE_EMACS=vterm
	LANG=en_US.UTF-8
	LC_ADDRESS=pt_BR.UTF-8
	LC_IDENTIFICATION=pt_BR.UTF-8
	LC_MEASUREMENT=pt_BR.UTF-8
	LC_MONETARY=pt_BR.UTF-8
	LC_NAME=pt_BR.UTF-8
	LC_NUMERIC=pt_BR.UTF-8
	LC_PAPER=pt_BR.UTF-8
	LC_TELEPHONE=pt_BR.UTF-8
	LC_TIME=pt_BR.UTF-8
	LOGNAME=dunossauro
	MAIL=/var/spool/mail/dunossauro
	MOTD_SHOWN=pam
	NVCC_CCBIN=/usr/bin/g++-13
	OLDPWD=/home/dunossauro/Live_280/exemplo/exemplo
	PATH=/home/dunossauro/Live_280/exemplo/.venv/bin:/home/dunossauro/.local/bin:/home/dunossauro/.pyenv/shims:/home/dunossauro/.pyenv/bin:/usr/local/bin:/usr/bin:/usr/local/sbin:/opt/cuda/bin:/opt/cuda/nsight_compute:/opt/cuda/nsight_systems/bin:/home/dunossauro/.local/share/flatpak/exports/bin:/var/lib/flatpak/exports/bin:/usr/bin/site_perl:/usr/bin/vendor_perl:/usr/bin/core_perl:/home/dunossauro/.local/bin
	PIPEWIRE_LATENCY=128/48000
	PS1=\n\[\e[0;33m\] |.venv|py-3.13.1 \[\e[0;35m\]\h \[\e[39m\]in \[\e[0;32m\]\w\n\[\e[36;1m\]○\[\e[0;32m\] \[\e[0;32m\]→\[\e[39m\] 
	PWD=/home/dunossauro/Live_280/exemplo
	PYENV_ROOT=/home/dunossauro/.pyenv
	PYENV_SHELL=bash
	PYPI_PASSWORD=********************
	PYPI_USERNAME=z4r4tu5tr4
	PYTHON_CONFIGURE_OPTS=--enable-shared
	PYTHON_KEYRING_BACKEND=********************
	SHELL=/bin/bash
	SHLVL=1
	TERM=xterm-256color
	TERMINAL=xfce4-terminal
	THEME_SHOW_PYTHON=true
	USER=dunossauro
	USERNAME=dunossauro
	VIRTUAL_ENV=/home/dunossauro/Live_280/exemplo/.venv
	VIRTUAL_ENV_PROMPT=exemplo-py3.13
	WINDOWPATH=2
	XAUTHORITY=/run/user/1000/gdm/Xauthority
	XDG_CURRENT_DESKTOP=i3
	XDG_DATA_DIRS=/usr/local/share:/usr/share:/var/lib/flatpak/exports/share:/home/dunossauro/.local/share/flatpak/exports/share
	XDG_RUNTIME_DIR=/run/user/1000
	XDG_SEAT=seat0
	XDG_SESSION_CLASS=user
	XDG_SESSION_DESKTOP=i3
	XDG_SESSION_ID=3
	XDG_SESSION_TYPE=x11
	XDG_VTNR=2
	YOUTUBE_CHANNEL_ID=UCAaKeg-BocRqphErdtIUFFw
	_=/home/dunossauro/.local/bin/briefcase
	_printf_cmd=printf

pyproject.toml:
[project]
name = "exemplo"
version = "0.1.0"
description = ""
authors = [
    {name = "Your Name",email = "you@example.com"}
]
readme = "README.md"
requires-python = ">=3.13"
license = {file = 'LICENSE'}
dependencies = [
    "cyclopts (>=3.7.0,<4.0.0)"
]


[tool.briefcase]
project_name = "Exemplo"
bundle = "com.exemplo"


[tool.briefcase.app.exemplo]
description = "Descrição curta..."
long_description = "Descrição longa..."
sources = ['exemplo']  # ['src/exemplo']
test_sources = ['tests']


[build-system]
requires = ["poetry-core>=2.0.0,<3.0.0"]
build-backend = "poetry.core.masonry.api"

Briefcase Log:
[22:49:35]                                                                                                                                                             system.py:133
           [exemplo] Finalizing application configuration...                                                                                                           system.py:133
           Targeting endeavouros:rolling (Vendor base arch)                                                                                                            system.py:145
           Determining glibc version... started                                                                                                                        system.py:203
           Determining glibc version... done                                                                                                                           system.py:203
           Targeting glibc 2.40                                                                                                                                        system.py:205
           Targeting Python3.13                                                                                                                                        system.py:209
                                                                                                                                                                   subprocess.py:838
           >>> Running Command:                                                                                                                                    subprocess.py:838
           >>>     pacman -Q python3                                                                                                                               subprocess.py:838
           >>> Working Directory:                                                                                                                                  subprocess.py:838
           >>>     /home/dunossauro/Live_280/exemplo                                                                                                               subprocess.py:838
           >>> Command Output:                                                                                                                                     subprocess.py:838
           >>>     python 3.13.1-1                                                                                                                                 subprocess.py:838
           >>> Return code: 0                                                                                                                                      subprocess.py:838
                                                                                                                                                                   subprocess.py:838
                                                                                                                                                                   subprocess.py:838
           >>> Running Command:                                                                                                                                    subprocess.py:838
           >>>     pacman -Q base-devel                                                                                                                            subprocess.py:838
           >>> Working Directory:                                                                                                                                  subprocess.py:838
           >>>     /home/dunossauro/Live_280/exemplo                                                                                                               subprocess.py:838
           >>> Command Output:                                                                                                                                     subprocess.py:838
           >>>     base-devel 1-2                                                                                                                                  subprocess.py:838
           >>> Return code: 0                                                                                                                                      subprocess.py:838
                                                                                                                                                                   subprocess.py:838
                                                                                                                                                                          run.py:246
           [exemplo] Starting app...                                                                                                                                      run.py:246
                                                                                                                                                                   subprocess.py:838
           >>> Running Command:                                                                                                                                    subprocess.py:838
           >>>     /home/dunossauro/Live_280/exemplo/build/exemplo/endeavouros/rolling/exemplo-0.1.0/usr/bin/exemplo                                               subprocess.py:838
           >>> Working Directory:                                                                                                                                  subprocess.py:838
           >>>     /home/dunossauro                                                                                                                                subprocess.py:838
           ===========================================================================                                                                                    run.py:171
           ╭─ Error ────────────────────────────────────────────────────────────────────────────────────────────────╮                                              subprocess.py:195
           │ Parameter "--nome" requires an argument.                                                               │                                              subprocess.py:195
           ╰────────────────────────────────────────────────────────────────────────────────────────────────────────╯                                              subprocess.py:195
                                                                                                                                                                      __main__.py:42
           Problem running app exemplo.                                                                                                                               __main__.py:43
           Saving log... started                                                                                                                                      console.py:432

Main thread traceback:
╭─────────────────────────────────────────────────────────────────────── Traceback (most recent call last) ────────────────────────────────────────────────────────────────────────╮
│ /home/dunossauro/.local/share/pipx/venvs/briefcase/lib/python3.13/site-packages/briefcase/__main__.py:27 in main                                                                 │
│                                                                                                                                                                                  │
│   24 │   │   │   Path.cwd() / "pyproject.toml",                                                                                                                                  │
│   25 │   │   │   overrides=overrides,                                                                                                                                            │
│   26 │   │   )                                                                                                                                                                   │
│ ❱ 27 │   │   command(**options)                                                                                                                                                  │
│   28 │   except HelpText as e:                                                                                                                                                   │
│   29 │   │   console.info()                                                                                                                                                      │
│   30 │   │   console.info(str(e))                                                                                                                                                │
│                                                                                                                                                                                  │
│ ╭───────────────────────────────────────────── locals ──────────────────────────────────────────────╮                                                                            │
│ │       command = <briefcase.platforms.linux.system.LinuxSystemRunCommand object at 0x717e7ef238c0> │                                                                            │
│ │       console = <briefcase.console.Console object at 0x717e7ef22510>                              │                                                                            │
│ │             e = BriefcaseCommandError('Problem running app exemplo.')                             │                                                                            │
│ │ extra_cmdline = []                                                                                │                                                                            │
│ │       options = {                                                                                 │                                                                            │
│ │                 │   'appname': None,                                                              │                                                                            │
│ │                 │   'update': False,                                                              │                                                                            │
│ │                 │   'update_requirements': False,                                                 │                                                                            │
│ │                 │   'update_support': False,                                                      │                                                                            │
│ │                 │   'update_stub': False,                                                         │                                                                            │
│ │                 │   'update_resources': False,                                                    │                                                                            │
│ │                 │   'no_update': False,                                                           │                                                                            │
│ │                 │   'test_mode': False,                                                           │                                                                            │
│ │                 │   'passthrough': []                                                             │                                                                            │
│ │                 }                                                                                 │                                                                            │
│ │     overrides = {}                                                                                │                                                                            │
│ │        result = 200                                                                               │                                                                            │
│ ╰───────────────────────────────────────────────────────────────────────────────────────────────────╯                                                                            │
│                                                                                                                                                                                  │
│ /home/dunossauro/.local/share/pipx/venvs/briefcase/lib/python3.13/site-packages/briefcase/commands/run.py:325 in __call__                                                        │
│                                                                                                                                                                                  │
│   322 │   │                                                                                                                                                                      │
│   323 │   │   self.verify_app(app)                                                                                                                                               │
│   324 │   │                                                                                                                                                                      │
│ ❱ 325 │   │   state = self.run_app(                                                                                                                                              │
│   326 │   │   │   app,                                                                                                                                                           │
│   327 │   │   │   test_mode=test_mode,                                                                                                                                           │
│   328 │   │   │   passthrough=[] if passthrough is None else passthrough,                                                                                                        │
│                                                                                                                                                                                  │
│ ╭─────────────────────────────────────────────────────────────── locals ───────────────────────────────────────────────────────────────╮                                         │
│ │                 app = <com.exemplo.exemplo v0.1.0 AppConfig>                                                                         │                                         │
│ │             appname = None                                                                                                           │                                         │
│ │           exec_file = PosixPath('/home/dunossauro/Live_280/exemplo/build/exemplo/endeavouros/rolling/exemplo-0.1.0/usr/bin/exemplo') │                                         │
│ │           no_update = False                                                                                                          │                                         │
│ │             options = {}                                                                                                             │                                         │
│ │         passthrough = []                                                                                                             │                                         │
│ │                self = <briefcase.platforms.linux.system.LinuxSystemRunCommand object at 0x717e7ef238c0>                              │                                         │
│ │               state = None                                                                                                           │                                         │
│ │       template_file = PosixPath('/home/dunossauro/Live_280/exemplo/build/exemplo/endeavouros/rolling')                               │                                         │
│ │           test_mode = False                                                                                                          │                                         │
│ │              update = False                                                                                                          │                                         │
│ │ update_requirements = False                                                                                                          │                                         │
│ │    update_resources = False                                                                                                          │                                         │
│ │         update_stub = False                                                                                                          │                                         │
│ │      update_support = False                                                                                                          │                                         │
│ ╰──────────────────────────────────────────────────────────────────────────────────────────────────────────────────────────────────────╯                                         │
│                                                                                                                                                                                  │
│ /home/dunossauro/.local/share/pipx/venvs/briefcase/lib/python3.13/site-packages/briefcase/platforms/linux/system.py:877 in run_app                                               │
│                                                                                                                                                                                  │
│    874 │   │   │   │   )                                                                                                                                                         │
│    875 │   │   │   │                                                                                                                                                             │
│    876 │   │   │   │   # Start streaming logs for the app.                                                                                                                       │
│ ❱  877 │   │   │   │   self._stream_app_logs(                                                                                                                                    │
│    878 │   │   │   │   │   app,                                                                                                                                                  │
│    879 │   │   │   │   │   popen=app_popen,                                                                                                                                      │
│    880 │   │   │   │   │   test_mode=test_mode,                                                                                                                                  │
│                                                                                                                                                                                  │
│ ╭──────────────────────────────────────────── locals ─────────────────────────────────────────────╮                                                                              │
│ │         app = <com.exemplo.exemplo v0.1.0 AppConfig>                                            │                                                                              │
│ │   app_popen = <Popen: returncode: 1 args: ['/home/dunossauro/Live_280/exemplo/build/exempl...>  │                                                                              │
│ │      kwargs = {}                                                                                │                                                                              │
│ │ passthrough = []                                                                                │                                                                              │
│ │        self = <briefcase.platforms.linux.system.LinuxSystemRunCommand object at 0x717e7ef238c0> │                                                                              │
│ │   test_mode = False                                                                             │                                                                              │
│ ╰─────────────────────────────────────────────────────────────────────────────────────────────────╯                                                                              │
│                                                                                                                                                                                  │
│ /home/dunossauro/.local/share/pipx/venvs/briefcase/lib/python3.13/site-packages/briefcase/commands/run.py:202 in _stream_app_logs                                                │
│                                                                                                                                                                                  │
│   199 │   │   │   │   # If we're monitoring an actual app (not just a log stream),                                                                                               │
│   200 │   │   │   │   # and the app didn't exit cleanly, surface the error to the user.                                                                                          │
│   201 │   │   │   │   if popen.poll() != 0:                                                                                                                                      │
│ ❱ 202 │   │   │   │   │   raise BriefcaseCommandError(f"Problem running app {app.app_name}.")                                                                                    │
│   203 │   │                                                                                                                                                                      │
│   204 │   │   except KeyboardInterrupt:                                                                                                                                          │
│   205 │   │   │   pass  # Catch CTRL-C to exit normally                                                                                                                          │
│                                                                                                                                                                                  │
│ ╭───────────────────────────────────────────── locals ─────────────────────────────────────────────╮                                                                             │
│ │          app = <com.exemplo.exemplo v0.1.0 AppConfig>                                            │                                                                             │
│ │ clean_filter = None                                                                              │                                                                             │
│ │ clean_output = False                                                                             │                                                                             │
│ │   log_filter = <briefcase.commands.run.LogFilter object at 0x717e7ee61fd0>                       │                                                                             │
│ │   log_stream = False                                                                             │                                                                             │
│ │        popen = <Popen: returncode: 1 args: ['/home/dunossauro/Live_280/exemplo/build/exempl...>  │                                                                             │
│ │         self = <briefcase.platforms.linux.system.LinuxSystemRunCommand object at 0x717e7ef238c0> │                                                                             │
│ │    test_mode = False                                                                             │                                                                             │
│ ╰──────────────────────────────────────────────────────────────────────────────────────────────────╯                                                                             │
╰──────────────────────────────────────────────────────────────────────────────────────────────────────────────────────────────────────────────────────────────────────────────────╯
BriefcaseCommandError: Problem running app exemplo.
